<?xml version="1.0" encoding="UTF-8"?>
<testsuites name="User Operations" time="175.189" tests="9" failures="0" errors="0">
   <testsuite name="User Operations" tests="9" failures="0" errors="0" time="175.189" skipped="0" timestamp="12-02-2024T08:12:46" hostname="airlanggafidiyanto - localhost" id="Test Suites/User Operations">
      <properties>
[...]
</properties>
      <testcase name="Test Cases/user/register" time="23.308" classname="Test Cases/user/register" status="PASSED">
         <system-out><![CDATA[12-02-2024T08:12:46 - [TEST_CASE][PASSED] - Test Cases/user/register: Test Cases/user/register

12-02-2024T08:12:46 - [TEST_STEP][PASSED] - encryptedText = auth.CryptoUtils.encrypt(password): auth.CryptoUtils.encrypt is PASSED

12-02-2024T08:12:46 - [MESSAGE][PASSED] - auth.CryptoUtils.encrypt is PASSED

12-02-2024T08:12:46 - [TEST_STEP][PASSED] - openBrowser(""): Browser is opened with url: ''

12-02-2024T08:12:46 - [MESSAGE][INFO] - Starting 'Chrome' driver

12-02-2024T08:12:46 - [MESSAGE][INFO] - Action delay is set to 0 milliseconds

12-02-2024T08:12:47 - [MESSAGE][PASSED] - Browser is opened with url: ''

12-02-2024T08:12:47 - [TEST_STEP][PASSED] - navigateToUrl(webURL + "register"): Navigate to 'https://advantageonlineshopping.com/#/register' successfully

12-02-2024T08:12:50 - [MESSAGE][PASSED] - Navigate to 'https://advantageonlineshopping.com/#/register' successfully

12-02-2024T08:12:50 - [TEST_STEP][PASSED] - setText(findTestObject("Object Repository/Page_Advantage Shopping/input_usernameRegisterPage"), username): Text 'agus_r' is set on object 'Object Repository/Page_Advantage Shopping/input_usernameRegisterPage'

12-02-2024T08:12:52 - [MESSAGE][PASSED] - Text 'agus_r' is set on object 'Object Repository/Page_Advantage Shopping/input_usernameRegisterPage'

12-02-2024T08:12:52 - [TEST_STEP][PASSED] - click(findTestObject("Object Repository/Page_Advantage Shopping/label_Email")): Object: 'Object Repository/Page_Advantage Shopping/label_Email' is clicked on

12-02-2024T08:12:52 - [MESSAGE][PASSED] - Object: 'Object Repository/Page_Advantage Shopping/label_Email' is clicked on

12-02-2024T08:12:52 - [TEST_STEP][PASSED] - setText(findTestObject("Object Repository/Page_Advantage Shopping/input_emailRegisterPage"), email): Text 'agus.r@example.com' is set on object 'Object Repository/Page_Advantage Shopping/input_emailRegisterPage'

12-02-2024T08:12:53 - [MESSAGE][PASSED] - Text 'agus.r@example.com' is set on object 'Object Repository/Page_Advantage Shopping/input_emailRegisterPage'

12-02-2024T08:12:53 - [TEST_STEP][PASSED] - setEncryptedText(findTestObject("Object Repository/Page_Advantage Shopping/input_passwordRegisterPage"), encryptedText): Text ****** has been set on object 'Object Repository/Page_Advantage Shopping/input_passwordRegisterPage'

12-02-2024T08:12:54 - [MESSAGE][PASSED] - Text ****** has been set on object 'Object Repository/Page_Advantage Shopping/input_passwordRegisterPage'

12-02-2024T08:12:54 - [TEST_STEP][PASSED] - setEncryptedText(findTestObject("Object Repository/Page_Advantage Shopping/input_confirm_passwordRegisterPage"), encryptedText): Text ****** has been set on object 'Object Repository/Page_Advantage Shopping/input_confirm_passwordRegisterPage'

12-02-2024T08:12:54 - [MESSAGE][PASSED] - Text ****** has been set on object 'Object Repository/Page_Advantage Shopping/input_confirm_passwordRegisterPage'

12-02-2024T08:12:54 - [TEST_STEP][PASSED] - setText(findTestObject("Object Repository/Page_Advantage Shopping/input_first_nameRegisterPage"), first_name): Text 'Agus' is set on object 'Object Repository/Page_Advantage Shopping/input_first_nameRegisterPage'

12-02-2024T08:12:55 - [MESSAGE][PASSED] - Text 'Agus' is set on object 'Object Repository/Page_Advantage Shopping/input_first_nameRegisterPage'

12-02-2024T08:12:55 - [TEST_STEP][PASSED] - setText(findTestObject("Object Repository/Page_Advantage Shopping/input_last_nameRegisterPage"), last_name): Text 'Rahman' is set on object 'Object Repository/Page_Advantage Shopping/input_last_nameRegisterPage'

12-02-2024T08:12:57 - [MESSAGE][PASSED] - Text 'Rahman' is set on object 'Object Repository/Page_Advantage Shopping/input_last_nameRegisterPage'

12-02-2024T08:12:57 - [TEST_STEP][PASSED] - setText(findTestObject("Object Repository/Page_Advantage Shopping/input_phone_numberRegisterPage"), phone_number): Text '081234567890' is set on object 'Object Repository/Page_Advantage Shopping/input_phone_numberRegisterPage'

12-02-2024T08:12:58 - [MESSAGE][PASSED] - Text '081234567890' is set on object 'Object Repository/Page_Advantage Shopping/input_phone_numberRegisterPage'

12-02-2024T08:12:58 - [TEST_STEP][PASSED] - countryCode = 0: null

12-02-2024T08:12:58 - [TEST_STEP][PASSED] - switch (country): null

12-02-2024T08:12:58 - [TEST_STEP][PASSED] - case "Indonesia":: null

12-02-2024T08:12:58 - [TEST_STEP][PASSED] - countryCode = 170: null

12-02-2024T08:12:58 - [TEST_STEP][PASSED] - break: null

12-02-2024T08:12:58 - [TEST_STEP][PASSED] - selectOptionByValue(findTestObject("Object Repository/Page_Advantage Shopping/select_AfganistanAlbaniaAlgeriaAmerican Sam_3cef8a"), "object:" + countryCode, true): All options with value 'object:170' are selected in object 'Object Repository/Page_Advantage Shopping/select_AfganistanAlbaniaAlgeriaAmerican Sam_3cef8a'  using regular expression

12-02-2024T08:13:00 - [MESSAGE][PASSED] - All options with value 'object:170' are selected in object 'Object Repository/Page_Advantage Shopping/select_AfganistanAlbaniaAlgeriaAmerican Sam_3cef8a'  using regular expression

12-02-2024T08:13:00 - [TEST_STEP][PASSED] - setText(findTestObject("Object Repository/Page_Advantage Shopping/input_cityRegisterPage"), city): Text 'DKI' is set on object 'Object Repository/Page_Advantage Shopping/input_cityRegisterPage'

12-02-2024T08:13:01 - [MESSAGE][PASSED] - Text 'DKI' is set on object 'Object Repository/Page_Advantage Shopping/input_cityRegisterPage'

12-02-2024T08:13:01 - [TEST_STEP][PASSED] - setText(findTestObject("Object Repository/Page_Advantage Shopping/input_addressRegisterPage"), address): Text 'Jalan Merdeka No. 123' is set on object 'Object Repository/Page_Advantage Shopping/input_addressRegisterPage'

12-02-2024T08:13:02 - [MESSAGE][PASSED] - Text 'Jalan Merdeka No. 123' is set on object 'Object Repository/Page_Advantage Shopping/input_addressRegisterPage'

12-02-2024T08:13:02 - [TEST_STEP][PASSED] - setText(findTestObject("Object Repository/Page_Advantage Shopping/input_state__province__regionRegisterPage"), province): Text 'Jakarta' is set on object 'Object Repository/Page_Advantage Shopping/input_state__province__regionRegisterPage'

12-02-2024T08:13:03 - [MESSAGE][PASSED] - Text 'Jakarta' is set on object 'Object Repository/Page_Advantage Shopping/input_state__province__regionRegisterPage'

12-02-2024T08:13:03 - [TEST_STEP][PASSED] - setText(findTestObject("Object Repository/Page_Advantage Shopping/input_postal_codeRegisterPage"), postal_code): Text '10110' is set on object 'Object Repository/Page_Advantage Shopping/input_postal_codeRegisterPage'

12-02-2024T08:13:05 - [MESSAGE][PASSED] - Text '10110' is set on object 'Object Repository/Page_Advantage Shopping/input_postal_codeRegisterPage'

12-02-2024T08:13:05 - [TEST_STEP][PASSED] - click(findTestObject("Object Repository/Page_Advantage Shopping/input_i_agree")): Object: 'Object Repository/Page_Advantage Shopping/input_i_agree' is clicked on

12-02-2024T08:13:05 - [MESSAGE][PASSED] - Object: 'Object Repository/Page_Advantage Shopping/input_i_agree' is clicked on

12-02-2024T08:13:05 - [TEST_STEP][PASSED] - click(findTestObject("Object Repository/Page_Advantage Shopping/button_REGISTER")): Object: 'Object Repository/Page_Advantage Shopping/button_REGISTER' is clicked on

12-02-2024T08:13:06 - [MESSAGE][PASSED] - Object: 'Object Repository/Page_Advantage Shopping/button_REGISTER' is clicked on

12-02-2024T08:13:06 - [TEST_STEP][PASSED] - takeScreenshot(): Taking screenshot successfully

12-02-2024T08:13:07 - [MESSAGE][PASSED] - Taking screenshot successfully
[[ATTACHMENT|/Users/airlanggafidiyanto/Documents/BRI/BFLP/hacktiv8-qa-final-project/web-testing/Reports/20240212_081237/User Operations/20240212_081238/1707700387121.png]]

12-02-2024T08:13:07 - [TEST_STEP][PASSED] - closeBrowser(): Browser is closed

12-02-2024T08:13:07 - [MESSAGE][PASSED] - Browser is closed

12-02-2024T08:13:09 - [TEST_STEP][PASSED] - Video: Video recording for test case 'Test Cases/user/register' .

12-02-2024T08:13:09 - [MESSAGE][INFO] - Video recording for test case 'Test Cases/user/register' .]]></system-out>
         <system-err><![CDATA[]]></system-err>
      </testcase>
      <testcase name="Test Cases/user/register" time="22.587" classname="Test Cases/user/register" status="PASSED">
         <system-out><![CDATA[12-02-2024T08:13:09 - [TEST_CASE][PASSED] - Test Cases/user/register: Test Cases/user/register

12-02-2024T08:13:09 - [TEST_STEP][PASSED] - encryptedText = auth.CryptoUtils.encrypt(password): auth.CryptoUtils.encrypt is PASSED

12-02-2024T08:13:09 - [MESSAGE][PASSED] - auth.CryptoUtils.encrypt is PASSED

12-02-2024T08:13:09 - [TEST_STEP][PASSED] - openBrowser(""): Browser is opened with url: ''

12-02-2024T08:13:09 - [MESSAGE][INFO] - Starting 'Chrome' driver

12-02-2024T08:13:09 - [MESSAGE][INFO] - Action delay is set to 0 milliseconds

12-02-2024T08:13:10 - [MESSAGE][PASSED] - Browser is opened with url: ''

12-02-2024T08:13:10 - [TEST_STEP][PASSED] - navigateToUrl(webURL + "register"): Navigate to 'https://advantageonlineshopping.com/#/register' successfully

12-02-2024T08:13:12 - [MESSAGE][PASSED] - Navigate to 'https://advantageonlineshopping.com/#/register' successfully

12-02-2024T08:13:12 - [TEST_STEP][PASSED] - setText(findTestObject("Object Repository/Page_Advantage Shopping/input_usernameRegisterPage"), username): Text 'lisa_smith' is set on object 'Object Repository/Page_Advantage Shopping/input_usernameRegisterPage'

12-02-2024T08:13:14 - [MESSAGE][PASSED] - Text 'lisa_smith' is set on object 'Object Repository/Page_Advantage Shopping/input_usernameRegisterPage'

12-02-2024T08:13:14 - [TEST_STEP][PASSED] - click(findTestObject("Object Repository/Page_Advantage Shopping/label_Email")): Object: 'Object Repository/Page_Advantage Shopping/label_Email' is clicked on

12-02-2024T08:13:14 - [MESSAGE][PASSED] - Object: 'Object Repository/Page_Advantage Shopping/label_Email' is clicked on

12-02-2024T08:13:14 - [TEST_STEP][PASSED] - setText(findTestObject("Object Repository/Page_Advantage Shopping/input_emailRegisterPage"), email): Text 'lisa.smith@example.com' is set on object 'Object Repository/Page_Advantage Shopping/input_emailRegisterPage'

12-02-2024T08:13:15 - [MESSAGE][PASSED] - Text 'lisa.smith@example.com' is set on object 'Object Repository/Page_Advantage Shopping/input_emailRegisterPage'

12-02-2024T08:13:15 - [TEST_STEP][PASSED] - setEncryptedText(findTestObject("Object Repository/Page_Advantage Shopping/input_passwordRegisterPage"), encryptedText): Text ****** has been set on object 'Object Repository/Page_Advantage Shopping/input_passwordRegisterPage'

12-02-2024T08:13:16 - [MESSAGE][PASSED] - Text ****** has been set on object 'Object Repository/Page_Advantage Shopping/input_passwordRegisterPage'

12-02-2024T08:13:16 - [TEST_STEP][PASSED] - setEncryptedText(findTestObject("Object Repository/Page_Advantage Shopping/input_confirm_passwordRegisterPage"), encryptedText): Text ****** has been set on object 'Object Repository/Page_Advantage Shopping/input_confirm_passwordRegisterPage'

12-02-2024T08:13:16 - [MESSAGE][PASSED] - Text ****** has been set on object 'Object Repository/Page_Advantage Shopping/input_confirm_passwordRegisterPage'

12-02-2024T08:13:16 - [TEST_STEP][PASSED] - setText(findTestObject("Object Repository/Page_Advantage Shopping/input_first_nameRegisterPage"), first_name): Text 'Lisa' is set on object 'Object Repository/Page_Advantage Shopping/input_first_nameRegisterPage'

12-02-2024T08:13:17 - [MESSAGE][PASSED] - Text 'Lisa' is set on object 'Object Repository/Page_Advantage Shopping/input_first_nameRegisterPage'

12-02-2024T08:13:17 - [TEST_STEP][PASSED] - setText(findTestObject("Object Repository/Page_Advantage Shopping/input_last_nameRegisterPage"), last_name): Text 'Smith' is set on object 'Object Repository/Page_Advantage Shopping/input_last_nameRegisterPage'

12-02-2024T08:13:19 - [MESSAGE][PASSED] - Text 'Smith' is set on object 'Object Repository/Page_Advantage Shopping/input_last_nameRegisterPage'

12-02-2024T08:13:19 - [TEST_STEP][PASSED] - setText(findTestObject("Object Repository/Page_Advantage Shopping/input_phone_numberRegisterPage"), phone_number): Text '555-666-7777' is set on object 'Object Repository/Page_Advantage Shopping/input_phone_numberRegisterPage'

12-02-2024T08:13:20 - [MESSAGE][PASSED] - Text '555-666-7777' is set on object 'Object Repository/Page_Advantage Shopping/input_phone_numberRegisterPage'

12-02-2024T08:13:20 - [TEST_STEP][PASSED] - countryCode = 0: null

12-02-2024T08:13:20 - [TEST_STEP][PASSED] - switch (country): null

12-02-2024T08:13:20 - [TEST_STEP][PASSED] - case "USA":: null

12-02-2024T08:13:20 - [TEST_STEP][PASSED] - countryCode = 298: null

12-02-2024T08:13:20 - [TEST_STEP][PASSED] - break: null

12-02-2024T08:13:20 - [TEST_STEP][PASSED] - selectOptionByValue(findTestObject("Object Repository/Page_Advantage Shopping/select_AfganistanAlbaniaAlgeriaAmerican Sam_3cef8a"), "object:" + countryCode, true): All options with value 'object:298' are selected in object 'Object Repository/Page_Advantage Shopping/select_AfganistanAlbaniaAlgeriaAmerican Sam_3cef8a'  using regular expression

12-02-2024T08:13:23 - [MESSAGE][PASSED] - All options with value 'object:298' are selected in object 'Object Repository/Page_Advantage Shopping/select_AfganistanAlbaniaAlgeriaAmerican Sam_3cef8a'  using regular expression

12-02-2024T08:13:23 - [TEST_STEP][PASSED] - setText(findTestObject("Object Repository/Page_Advantage Shopping/input_cityRegisterPage"), city): Text 'Los Angeles' is set on object 'Object Repository/Page_Advantage Shopping/input_cityRegisterPage'

12-02-2024T08:13:24 - [MESSAGE][PASSED] - Text 'Los Angeles' is set on object 'Object Repository/Page_Advantage Shopping/input_cityRegisterPage'

12-02-2024T08:13:24 - [TEST_STEP][PASSED] - setText(findTestObject("Object Repository/Page_Advantage Shopping/input_addressRegisterPage"), address): Text '456 Pine St' is set on object 'Object Repository/Page_Advantage Shopping/input_addressRegisterPage'

12-02-2024T08:13:25 - [MESSAGE][PASSED] - Text '456 Pine St' is set on object 'Object Repository/Page_Advantage Shopping/input_addressRegisterPage'

12-02-2024T08:13:25 - [TEST_STEP][PASSED] - setText(findTestObject("Object Repository/Page_Advantage Shopping/input_state__province__regionRegisterPage"), province): Text 'CA' is set on object 'Object Repository/Page_Advantage Shopping/input_state__province__regionRegisterPage'

12-02-2024T08:13:26 - [MESSAGE][PASSED] - Text 'CA' is set on object 'Object Repository/Page_Advantage Shopping/input_state__province__regionRegisterPage'

12-02-2024T08:13:26 - [TEST_STEP][PASSED] - setText(findTestObject("Object Repository/Page_Advantage Shopping/input_postal_codeRegisterPage"), postal_code): Text '90001' is set on object 'Object Repository/Page_Advantage Shopping/input_postal_codeRegisterPage'

12-02-2024T08:13:27 - [MESSAGE][PASSED] - Text '90001' is set on object 'Object Repository/Page_Advantage Shopping/input_postal_codeRegisterPage'

12-02-2024T08:13:27 - [TEST_STEP][PASSED] - click(findTestObject("Object Repository/Page_Advantage Shopping/input_i_agree")): Object: 'Object Repository/Page_Advantage Shopping/input_i_agree' is clicked on

12-02-2024T08:13:28 - [MESSAGE][PASSED] - Object: 'Object Repository/Page_Advantage Shopping/input_i_agree' is clicked on

12-02-2024T08:13:28 - [TEST_STEP][PASSED] - click(findTestObject("Object Repository/Page_Advantage Shopping/button_REGISTER")): Object: 'Object Repository/Page_Advantage Shopping/button_REGISTER' is clicked on

12-02-2024T08:13:28 - [MESSAGE][PASSED] - Object: 'Object Repository/Page_Advantage Shopping/button_REGISTER' is clicked on

12-02-2024T08:13:28 - [TEST_STEP][PASSED] - takeScreenshot(): Taking screenshot successfully

12-02-2024T08:13:29 - [MESSAGE][PASSED] - Taking screenshot successfully
[[ATTACHMENT|/Users/airlanggafidiyanto/Documents/BRI/BFLP/hacktiv8-qa-final-project/web-testing/Reports/20240212_081237/User Operations/20240212_081238/1707700409803.png]]

12-02-2024T08:13:29 - [TEST_STEP][PASSED] - closeBrowser(): Browser is closed

12-02-2024T08:13:30 - [MESSAGE][PASSED] - Browser is closed

12-02-2024T08:13:32 - [TEST_STEP][PASSED] - Video: Video recording for test case 'Test Cases/user/register' .

12-02-2024T08:13:32 - [MESSAGE][INFO] - Video recording for test case 'Test Cases/user/register' .]]></system-out>
         <system-err><![CDATA[]]></system-err>
      </testcase>
      <testcase name="Test Cases/user/register" time="22.732" classname="Test Cases/user/register" status="PASSED">
         <system-out><![CDATA[12-02-2024T08:13:32 - [TEST_CASE][PASSED] - Test Cases/user/register: Test Cases/user/register

12-02-2024T08:13:32 - [TEST_STEP][PASSED] - encryptedText = auth.CryptoUtils.encrypt(password): auth.CryptoUtils.encrypt is PASSED

12-02-2024T08:13:32 - [MESSAGE][PASSED] - auth.CryptoUtils.encrypt is PASSED

12-02-2024T08:13:32 - [TEST_STEP][PASSED] - openBrowser(""): Browser is opened with url: ''

12-02-2024T08:13:32 - [MESSAGE][INFO] - Starting 'Chrome' driver

12-02-2024T08:13:32 - [MESSAGE][INFO] - Action delay is set to 0 milliseconds

12-02-2024T08:13:32 - [MESSAGE][PASSED] - Browser is opened with url: ''

12-02-2024T08:13:32 - [TEST_STEP][PASSED] - navigateToUrl(webURL + "register"): Navigate to 'https://advantageonlineshopping.com/#/register' successfully

12-02-2024T08:13:35 - [MESSAGE][PASSED] - Navigate to 'https://advantageonlineshopping.com/#/register' successfully

12-02-2024T08:13:35 - [TEST_STEP][PASSED] - setText(findTestObject("Object Repository/Page_Advantage Shopping/input_usernameRegisterPage"), username): Text 'adam_jones' is set on object 'Object Repository/Page_Advantage Shopping/input_usernameRegisterPage'

12-02-2024T08:13:37 - [MESSAGE][PASSED] - Text 'adam_jones' is set on object 'Object Repository/Page_Advantage Shopping/input_usernameRegisterPage'

12-02-2024T08:13:37 - [TEST_STEP][PASSED] - click(findTestObject("Object Repository/Page_Advantage Shopping/label_Email")): Object: 'Object Repository/Page_Advantage Shopping/label_Email' is clicked on

12-02-2024T08:13:37 - [MESSAGE][PASSED] - Object: 'Object Repository/Page_Advantage Shopping/label_Email' is clicked on

12-02-2024T08:13:37 - [TEST_STEP][PASSED] - setText(findTestObject("Object Repository/Page_Advantage Shopping/input_emailRegisterPage"), email): Text 'adam.jones@example.com' is set on object 'Object Repository/Page_Advantage Shopping/input_emailRegisterPage'

12-02-2024T08:13:38 - [MESSAGE][PASSED] - Text 'adam.jones@example.com' is set on object 'Object Repository/Page_Advantage Shopping/input_emailRegisterPage'

12-02-2024T08:13:38 - [TEST_STEP][PASSED] - setEncryptedText(findTestObject("Object Repository/Page_Advantage Shopping/input_passwordRegisterPage"), encryptedText): Text ****** has been set on object 'Object Repository/Page_Advantage Shopping/input_passwordRegisterPage'

12-02-2024T08:13:39 - [MESSAGE][PASSED] - Text ****** has been set on object 'Object Repository/Page_Advantage Shopping/input_passwordRegisterPage'

12-02-2024T08:13:39 - [TEST_STEP][PASSED] - setEncryptedText(findTestObject("Object Repository/Page_Advantage Shopping/input_confirm_passwordRegisterPage"), encryptedText): Text ****** has been set on object 'Object Repository/Page_Advantage Shopping/input_confirm_passwordRegisterPage'

12-02-2024T08:13:39 - [MESSAGE][PASSED] - Text ****** has been set on object 'Object Repository/Page_Advantage Shopping/input_confirm_passwordRegisterPage'

12-02-2024T08:13:39 - [TEST_STEP][PASSED] - setText(findTestObject("Object Repository/Page_Advantage Shopping/input_first_nameRegisterPage"), first_name): Text 'Adam' is set on object 'Object Repository/Page_Advantage Shopping/input_first_nameRegisterPage'

12-02-2024T08:13:40 - [MESSAGE][PASSED] - Text 'Adam' is set on object 'Object Repository/Page_Advantage Shopping/input_first_nameRegisterPage'

12-02-2024T08:13:40 - [TEST_STEP][PASSED] - setText(findTestObject("Object Repository/Page_Advantage Shopping/input_last_nameRegisterPage"), last_name): Text 'Jones' is set on object 'Object Repository/Page_Advantage Shopping/input_last_nameRegisterPage'

12-02-2024T08:13:41 - [MESSAGE][PASSED] - Text 'Jones' is set on object 'Object Repository/Page_Advantage Shopping/input_last_nameRegisterPage'

12-02-2024T08:13:41 - [TEST_STEP][PASSED] - setText(findTestObject("Object Repository/Page_Advantage Shopping/input_phone_numberRegisterPage"), phone_number): Text '999-000-1111' is set on object 'Object Repository/Page_Advantage Shopping/input_phone_numberRegisterPage'

12-02-2024T08:13:42 - [MESSAGE][PASSED] - Text '999-000-1111' is set on object 'Object Repository/Page_Advantage Shopping/input_phone_numberRegisterPage'

12-02-2024T08:13:42 - [TEST_STEP][PASSED] - countryCode = 0: null

12-02-2024T08:13:42 - [TEST_STEP][PASSED] - switch (country): null

12-02-2024T08:13:42 - [TEST_STEP][PASSED] - case "UK":: null

12-02-2024T08:13:42 - [TEST_STEP][PASSED] - countryCode = 297: null

12-02-2024T08:13:42 - [TEST_STEP][PASSED] - break: null

12-02-2024T08:13:42 - [TEST_STEP][PASSED] - selectOptionByValue(findTestObject("Object Repository/Page_Advantage Shopping/select_AfganistanAlbaniaAlgeriaAmerican Sam_3cef8a"), "object:" + countryCode, true): All options with value 'object:297' are selected in object 'Object Repository/Page_Advantage Shopping/select_AfganistanAlbaniaAlgeriaAmerican Sam_3cef8a'  using regular expression

12-02-2024T08:13:46 - [MESSAGE][PASSED] - All options with value 'object:297' are selected in object 'Object Repository/Page_Advantage Shopping/select_AfganistanAlbaniaAlgeriaAmerican Sam_3cef8a'  using regular expression

12-02-2024T08:13:46 - [TEST_STEP][PASSED] - setText(findTestObject("Object Repository/Page_Advantage Shopping/input_cityRegisterPage"), city): Text 'London' is set on object 'Object Repository/Page_Advantage Shopping/input_cityRegisterPage'

12-02-2024T08:13:47 - [MESSAGE][PASSED] - Text 'London' is set on object 'Object Repository/Page_Advantage Shopping/input_cityRegisterPage'

12-02-2024T08:13:47 - [TEST_STEP][PASSED] - setText(findTestObject("Object Repository/Page_Advantage Shopping/input_addressRegisterPage"), address): Text '789 Oxford St' is set on object 'Object Repository/Page_Advantage Shopping/input_addressRegisterPage'

12-02-2024T08:13:48 - [MESSAGE][PASSED] - Text '789 Oxford St' is set on object 'Object Repository/Page_Advantage Shopping/input_addressRegisterPage'

12-02-2024T08:13:48 - [TEST_STEP][PASSED] - setText(findTestObject("Object Repository/Page_Advantage Shopping/input_state__province__regionRegisterPage"), province): Text 'London' is set on object 'Object Repository/Page_Advantage Shopping/input_state__province__regionRegisterPage'

12-02-2024T08:13:49 - [MESSAGE][PASSED] - Text 'London' is set on object 'Object Repository/Page_Advantage Shopping/input_state__province__regionRegisterPage'

12-02-2024T08:13:49 - [TEST_STEP][PASSED] - setText(findTestObject("Object Repository/Page_Advantage Shopping/input_postal_codeRegisterPage"), postal_code): Text 'W1D 1ER' is set on object 'Object Repository/Page_Advantage Shopping/input_postal_codeRegisterPage'

12-02-2024T08:13:50 - [MESSAGE][PASSED] - Text 'W1D 1ER' is set on object 'Object Repository/Page_Advantage Shopping/input_postal_codeRegisterPage'

12-02-2024T08:13:50 - [TEST_STEP][PASSED] - click(findTestObject("Object Repository/Page_Advantage Shopping/input_i_agree")): Object: 'Object Repository/Page_Advantage Shopping/input_i_agree' is clicked on

12-02-2024T08:13:50 - [MESSAGE][PASSED] - Object: 'Object Repository/Page_Advantage Shopping/input_i_agree' is clicked on

12-02-2024T08:13:50 - [TEST_STEP][PASSED] - click(findTestObject("Object Repository/Page_Advantage Shopping/button_REGISTER")): Object: 'Object Repository/Page_Advantage Shopping/button_REGISTER' is clicked on

12-02-2024T08:13:51 - [MESSAGE][PASSED] - Object: 'Object Repository/Page_Advantage Shopping/button_REGISTER' is clicked on

12-02-2024T08:13:51 - [TEST_STEP][PASSED] - takeScreenshot(): Taking screenshot successfully

12-02-2024T08:13:52 - [MESSAGE][PASSED] - Taking screenshot successfully
[[ATTACHMENT|/Users/airlanggafidiyanto/Documents/BRI/BFLP/hacktiv8-qa-final-project/web-testing/Reports/20240212_081237/User Operations/20240212_081238/1707700432544.png]]

12-02-2024T08:13:52 - [TEST_STEP][PASSED] - closeBrowser(): Browser is closed

12-02-2024T08:13:52 - [MESSAGE][PASSED] - Browser is closed

12-02-2024T08:13:54 - [TEST_STEP][PASSED] - Video: Video recording for test case 'Test Cases/user/register' .

12-02-2024T08:13:54 - [MESSAGE][INFO] - Video recording for test case 'Test Cases/user/register' .]]></system-out>
         <system-err><![CDATA[]]></system-err>
      </testcase>
      <testcase name="Test Cases/user/login" time="15.005" classname="Test Cases/user/login" status="PASSED">
         <system-out><![CDATA[12-02-2024T08:13:54 - [TEST_CASE][PASSED] - Test Cases/user/login: Test Cases/user/login

12-02-2024T08:13:54 - [TEST_STEP][PASSED] - currentUser = new Users(username, password): auth.CryptoUtils.encrypt is PASSED

12-02-2024T08:13:54 - [MESSAGE][PASSED] - auth.CryptoUtils.encrypt is PASSED

12-02-2024T08:13:54 - [TEST_STEP][PASSED] - openBrowser(""): Browser is opened with url: ''

12-02-2024T08:13:54 - [MESSAGE][INFO] - Starting 'Chrome' driver

12-02-2024T08:13:54 - [MESSAGE][INFO] - Action delay is set to 0 milliseconds

12-02-2024T08:13:55 - [MESSAGE][PASSED] - Browser is opened with url: ''

12-02-2024T08:13:55 - [TEST_STEP][PASSED] - navigateToUrl(webURL): Navigate to 'https://advantageonlineshopping.com/#/' successfully

12-02-2024T08:13:57 - [MESSAGE][PASSED] - Navigate to 'https://advantageonlineshopping.com/#/' successfully

12-02-2024T08:13:57 - [TEST_STEP][PASSED] - users.Operations.Login(username, password): users.Operations.Login is PASSED

12-02-2024T08:14:01 - [MESSAGE][PASSED] - Delayed 4 second(s)

12-02-2024T08:14:02 - [MESSAGE][PASSED] - Object: 'Object Repository/Auth/Page_Advantage Shopping/svgmenuUser' is clicked on

12-02-2024T08:14:03 - [MESSAGE][PASSED] - Text 'agus_r' is set on object 'Object Repository/Auth/Page_Advantage Shopping/input_username'

12-02-2024T08:14:04 - [MESSAGE][PASSED] - Text ****** has been set on object 'Object Repository/Auth/Page_Advantage Shopping/input_password'

12-02-2024T08:14:04 - [MESSAGE][PASSED] - Object: 'Object Repository/Auth/Page_Advantage Shopping/button_SIGN IN' is clicked on

12-02-2024T08:14:07 - [MESSAGE][PASSED] - Taking screenshot successfully
[[ATTACHMENT|/Users/airlanggafidiyanto/Documents/BRI/BFLP/hacktiv8-qa-final-project/web-testing/Reports/20240212_081237/User Operations/20240212_081238/1707700446536.png]]

12-02-2024T08:14:07 - [MESSAGE][WARNING] - Timeout '0' is invalid. Using default page load timeout: '30'

12-02-2024T08:14:07 - [MESSAGE][PASSED] - Object 'Object Repository/Auth/Page_Advantage Shopping/span_airlangga' is present

12-02-2024T08:14:07 - [MESSAGE][PASSED] - Text of object 'Object Repository/Auth/Page_Advantage Shopping/span_airlangga' is: 'agus_r'

12-02-2024T08:14:07 - [MESSAGE][PASSED] - users.Operations.Login is PASSED

12-02-2024T08:14:07 - [TEST_STEP][PASSED] - closeBrowser(): Browser is closed

12-02-2024T08:14:07 - [MESSAGE][PASSED] - Browser is closed

12-02-2024T08:14:09 - [TEST_STEP][PASSED] - Video: Video recording for test case 'Test Cases/user/login' .

12-02-2024T08:14:09 - [MESSAGE][INFO] - Video recording for test case 'Test Cases/user/login' .]]></system-out>
         <system-err><![CDATA[]]></system-err>
      </testcase>
      <testcase name="Test Cases/user/login" time="15.322" classname="Test Cases/user/login" status="PASSED">
         <system-out><![CDATA[12-02-2024T08:14:09 - [TEST_CASE][PASSED] - Test Cases/user/login: Test Cases/user/login

12-02-2024T08:14:09 - [TEST_STEP][PASSED] - currentUser = new Users(username, password): auth.CryptoUtils.encrypt is PASSED

12-02-2024T08:14:09 - [MESSAGE][PASSED] - auth.CryptoUtils.encrypt is PASSED

12-02-2024T08:14:09 - [TEST_STEP][PASSED] - openBrowser(""): Browser is opened with url: ''

12-02-2024T08:14:09 - [MESSAGE][INFO] - Starting 'Chrome' driver

12-02-2024T08:14:09 - [MESSAGE][INFO] - Action delay is set to 0 milliseconds

12-02-2024T08:14:10 - [MESSAGE][PASSED] - Browser is opened with url: ''

12-02-2024T08:14:10 - [TEST_STEP][PASSED] - navigateToUrl(webURL): Navigate to 'https://advantageonlineshopping.com/#/' successfully

12-02-2024T08:14:12 - [MESSAGE][PASSED] - Navigate to 'https://advantageonlineshopping.com/#/' successfully

12-02-2024T08:14:12 - [TEST_STEP][PASSED] - users.Operations.Login(username, password): users.Operations.Login is PASSED

12-02-2024T08:14:16 - [MESSAGE][PASSED] - Delayed 4 second(s)

12-02-2024T08:14:17 - [MESSAGE][PASSED] - Object: 'Object Repository/Auth/Page_Advantage Shopping/svgmenuUser' is clicked on

12-02-2024T08:14:18 - [MESSAGE][PASSED] - Text 'lisa_smith' is set on object 'Object Repository/Auth/Page_Advantage Shopping/input_username'

12-02-2024T08:14:19 - [MESSAGE][PASSED] - Text ****** has been set on object 'Object Repository/Auth/Page_Advantage Shopping/input_password'

12-02-2024T08:14:20 - [MESSAGE][PASSED] - Object: 'Object Repository/Auth/Page_Advantage Shopping/button_SIGN IN' is clicked on

12-02-2024T08:14:22 - [MESSAGE][PASSED] - Taking screenshot successfully
[[ATTACHMENT|/Users/airlanggafidiyanto/Documents/BRI/BFLP/hacktiv8-qa-final-project/web-testing/Reports/20240212_081237/User Operations/20240212_081238/1707700461988.png]]

12-02-2024T08:14:22 - [MESSAGE][WARNING] - Timeout '0' is invalid. Using default page load timeout: '30'

12-02-2024T08:14:22 - [MESSAGE][PASSED] - Object 'Object Repository/Auth/Page_Advantage Shopping/span_airlangga' is present

12-02-2024T08:14:23 - [MESSAGE][PASSED] - Text of object 'Object Repository/Auth/Page_Advantage Shopping/span_airlangga' is: 'lisa_smith'

12-02-2024T08:14:23 - [MESSAGE][PASSED] - users.Operations.Login is PASSED

12-02-2024T08:14:23 - [TEST_STEP][PASSED] - closeBrowser(): Browser is closed

12-02-2024T08:14:23 - [MESSAGE][PASSED] - Browser is closed

12-02-2024T08:14:25 - [TEST_STEP][PASSED] - Video: Video recording for test case 'Test Cases/user/login' .

12-02-2024T08:14:25 - [MESSAGE][INFO] - Video recording for test case 'Test Cases/user/login' .]]></system-out>
         <system-err><![CDATA[]]></system-err>
      </testcase>
      <testcase name="Test Cases/user/login" time="18.491" classname="Test Cases/user/login" status="PASSED">
         <system-out><![CDATA[12-02-2024T08:14:25 - [TEST_CASE][PASSED] - Test Cases/user/login: Test Cases/user/login

12-02-2024T08:14:25 - [TEST_STEP][PASSED] - currentUser = new Users(username, password): auth.CryptoUtils.encrypt is PASSED

12-02-2024T08:14:25 - [MESSAGE][PASSED] - auth.CryptoUtils.encrypt is PASSED

12-02-2024T08:14:25 - [TEST_STEP][PASSED] - openBrowser(""): Browser is opened with url: ''

12-02-2024T08:14:25 - [MESSAGE][INFO] - Starting 'Chrome' driver

12-02-2024T08:14:25 - [MESSAGE][INFO] - Action delay is set to 0 milliseconds

12-02-2024T08:14:25 - [MESSAGE][PASSED] - Browser is opened with url: ''

12-02-2024T08:14:25 - [TEST_STEP][PASSED] - navigateToUrl(webURL): Navigate to 'https://advantageonlineshopping.com/#/' successfully

12-02-2024T08:14:28 - [MESSAGE][PASSED] - Navigate to 'https://advantageonlineshopping.com/#/' successfully

12-02-2024T08:14:28 - [TEST_STEP][PASSED] - users.Operations.Login(username, password): users.Operations.Login is PASSED

12-02-2024T08:14:32 - [MESSAGE][PASSED] - Delayed 4 second(s)

12-02-2024T08:14:32 - [MESSAGE][PASSED] - Object: 'Object Repository/Auth/Page_Advantage Shopping/svgmenuUser' is clicked on

12-02-2024T08:14:33 - [MESSAGE][PASSED] - Text 'adam_jones' is set on object 'Object Repository/Auth/Page_Advantage Shopping/input_username'

12-02-2024T08:14:34 - [MESSAGE][PASSED] - Text ****** has been set on object 'Object Repository/Auth/Page_Advantage Shopping/input_password'

12-02-2024T08:14:35 - [MESSAGE][PASSED] - Object: 'Object Repository/Auth/Page_Advantage Shopping/button_SIGN IN' is clicked on

12-02-2024T08:14:41 - [MESSAGE][PASSED] - Taking screenshot successfully
[[ATTACHMENT|/Users/airlanggafidiyanto/Documents/BRI/BFLP/hacktiv8-qa-final-project/web-testing/Reports/20240212_081237/User Operations/20240212_081238/1707700480420.png]]

12-02-2024T08:14:41 - [MESSAGE][WARNING] - Timeout '0' is invalid. Using default page load timeout: '30'

12-02-2024T08:14:41 - [MESSAGE][PASSED] - Object 'Object Repository/Auth/Page_Advantage Shopping/span_airlangga' is present

12-02-2024T08:14:41 - [MESSAGE][PASSED] - Text of object 'Object Repository/Auth/Page_Advantage Shopping/span_airlangga' is: 'adam_jones'

12-02-2024T08:14:41 - [MESSAGE][PASSED] - users.Operations.Login is PASSED

12-02-2024T08:14:41 - [TEST_STEP][PASSED] - closeBrowser(): Browser is closed

12-02-2024T08:14:41 - [MESSAGE][PASSED] - Browser is closed

12-02-2024T08:14:43 - [TEST_STEP][PASSED] - Video: Video recording for test case 'Test Cases/user/login' .

12-02-2024T08:14:43 - [MESSAGE][INFO] - Video recording for test case 'Test Cases/user/login' .]]></system-out>
         <system-err><![CDATA[]]></system-err>
      </testcase>
      <testcase name="Test Cases/user/logout" time="14.92" classname="Test Cases/user/logout" status="PASSED">
         <system-out><![CDATA[12-02-2024T08:14:43 - [TEST_CASE][PASSED] - Test Cases/user/logout: Test Cases/user/logout

12-02-2024T08:14:43 - [TEST_STEP][PASSED] - currentUser = new Users(username, password): auth.CryptoUtils.encrypt is PASSED

12-02-2024T08:14:43 - [MESSAGE][PASSED] - auth.CryptoUtils.encrypt is PASSED

12-02-2024T08:14:43 - [TEST_STEP][PASSED] - openBrowser(""): Browser is opened with url: ''

12-02-2024T08:14:43 - [MESSAGE][INFO] - Starting 'Chrome' driver

12-02-2024T08:14:43 - [MESSAGE][INFO] - Action delay is set to 0 milliseconds

12-02-2024T08:14:44 - [MESSAGE][PASSED] - Browser is opened with url: ''

12-02-2024T08:14:44 - [TEST_STEP][PASSED] - navigateToUrl(webURL): Navigate to 'https://advantageonlineshopping.com/#/' successfully

12-02-2024T08:14:46 - [MESSAGE][PASSED] - Navigate to 'https://advantageonlineshopping.com/#/' successfully

12-02-2024T08:14:46 - [TEST_STEP][PASSED] - users.Operations.Login(username, password): users.Operations.Login is PASSED

12-02-2024T08:14:50 - [MESSAGE][PASSED] - Delayed 4 second(s)

12-02-2024T08:14:51 - [MESSAGE][PASSED] - Object: 'Object Repository/Auth/Page_Advantage Shopping/svgmenuUser' is clicked on

12-02-2024T08:14:52 - [MESSAGE][PASSED] - Text 'agus_r' is set on object 'Object Repository/Auth/Page_Advantage Shopping/input_username'

12-02-2024T08:14:53 - [MESSAGE][PASSED] - Text ****** has been set on object 'Object Repository/Auth/Page_Advantage Shopping/input_password'

12-02-2024T08:14:53 - [MESSAGE][PASSED] - Object: 'Object Repository/Auth/Page_Advantage Shopping/button_SIGN IN' is clicked on

12-02-2024T08:14:55 - [MESSAGE][PASSED] - Taking screenshot successfully
[[ATTACHMENT|/Users/airlanggafidiyanto/Documents/BRI/BFLP/hacktiv8-qa-final-project/web-testing/Reports/20240212_081237/User Operations/20240212_081238/1707700494757.png]]

12-02-2024T08:14:55 - [MESSAGE][WARNING] - Timeout '0' is invalid. Using default page load timeout: '30'

12-02-2024T08:14:55 - [MESSAGE][PASSED] - Object 'Object Repository/Auth/Page_Advantage Shopping/span_airlangga' is present

12-02-2024T08:14:55 - [MESSAGE][PASSED] - Text of object 'Object Repository/Auth/Page_Advantage Shopping/span_airlangga' is: 'agus_r'

12-02-2024T08:14:55 - [MESSAGE][PASSED] - users.Operations.Login is PASSED

12-02-2024T08:14:55 - [TEST_STEP][PASSED] - users.Operations.Logout(): users.Operations.Logout is PASSED

12-02-2024T08:14:56 - [MESSAGE][PASSED] - Object: 'Object Repository/Auth/Page_Advantage Shopping/span_airlangga' is clicked on

12-02-2024T08:14:56 - [MESSAGE][PASSED] - Object: 'Object Repository/Auth/Page_Advantage Shopping/label_Sign out' is clicked on

12-02-2024T08:14:56 - [MESSAGE][PASSED] - users.Operations.Logout is PASSED

12-02-2024T08:14:56 - [TEST_STEP][PASSED] - closeBrowser(): Browser is closed

12-02-2024T08:14:56 - [MESSAGE][PASSED] - Browser is closed

12-02-2024T08:14:58 - [TEST_STEP][PASSED] - Video: Video recording for test case 'Test Cases/user/logout' .

12-02-2024T08:14:58 - [MESSAGE][INFO] - Video recording for test case 'Test Cases/user/logout' .]]></system-out>
         <system-err><![CDATA[]]></system-err>
      </testcase>
      <testcase name="Test Cases/user/logout" time="23.626" classname="Test Cases/user/logout" status="PASSED">
         <system-out><![CDATA[12-02-2024T08:14:58 - [TEST_CASE][PASSED] - Test Cases/user/logout: Test Cases/user/logout

12-02-2024T08:14:58 - [TEST_STEP][PASSED] - currentUser = new Users(username, password): auth.CryptoUtils.encrypt is PASSED

12-02-2024T08:14:58 - [MESSAGE][PASSED] - auth.CryptoUtils.encrypt is PASSED

12-02-2024T08:14:58 - [TEST_STEP][PASSED] - openBrowser(""): Browser is opened with url: ''

12-02-2024T08:14:58 - [MESSAGE][INFO] - Starting 'Chrome' driver

12-02-2024T08:14:58 - [MESSAGE][INFO] - Action delay is set to 0 milliseconds

12-02-2024T08:14:59 - [MESSAGE][PASSED] - Browser is opened with url: ''

12-02-2024T08:14:59 - [TEST_STEP][PASSED] - navigateToUrl(webURL): Navigate to 'https://advantageonlineshopping.com/#/' successfully

12-02-2024T08:15:01 - [MESSAGE][PASSED] - Navigate to 'https://advantageonlineshopping.com/#/' successfully

12-02-2024T08:15:01 - [TEST_STEP][PASSED] - users.Operations.Login(username, password): users.Operations.Login is PASSED

12-02-2024T08:15:05 - [MESSAGE][PASSED] - Delayed 4 second(s)

12-02-2024T08:15:08 - [MESSAGE][PASSED] - Object: 'Object Repository/Auth/Page_Advantage Shopping/svgmenuUser' is clicked on

12-02-2024T08:15:12 - [MESSAGE][PASSED] - Text 'lisa_smith' is set on object 'Object Repository/Auth/Page_Advantage Shopping/input_username'

12-02-2024T08:15:14 - [MESSAGE][PASSED] - Text ****** has been set on object 'Object Repository/Auth/Page_Advantage Shopping/input_password'

12-02-2024T08:15:16 - [MESSAGE][PASSED] - Object: 'Object Repository/Auth/Page_Advantage Shopping/button_SIGN IN' is clicked on

12-02-2024T08:15:19 - [MESSAGE][PASSED] - Taking screenshot successfully
[[ATTACHMENT|/Users/airlanggafidiyanto/Documents/BRI/BFLP/hacktiv8-qa-final-project/web-testing/Reports/20240212_081237/User Operations/20240212_081238/1707700518372.png]]

12-02-2024T08:15:19 - [MESSAGE][WARNING] - Timeout '0' is invalid. Using default page load timeout: '30'

12-02-2024T08:15:19 - [MESSAGE][PASSED] - Object 'Object Repository/Auth/Page_Advantage Shopping/span_airlangga' is present

12-02-2024T08:15:19 - [MESSAGE][PASSED] - Text of object 'Object Repository/Auth/Page_Advantage Shopping/span_airlangga' is: 'lisa_smith'

12-02-2024T08:15:19 - [MESSAGE][PASSED] - users.Operations.Login is PASSED

12-02-2024T08:15:19 - [TEST_STEP][PASSED] - users.Operations.Logout(): users.Operations.Logout is PASSED

12-02-2024T08:15:19 - [MESSAGE][PASSED] - Object: 'Object Repository/Auth/Page_Advantage Shopping/span_airlangga' is clicked on

12-02-2024T08:15:20 - [MESSAGE][PASSED] - Object: 'Object Repository/Auth/Page_Advantage Shopping/label_Sign out' is clicked on

12-02-2024T08:15:20 - [MESSAGE][PASSED] - users.Operations.Logout is PASSED

12-02-2024T08:15:20 - [TEST_STEP][PASSED] - closeBrowser(): Browser is closed

12-02-2024T08:15:20 - [MESSAGE][PASSED] - Browser is closed

12-02-2024T08:15:22 - [TEST_STEP][PASSED] - Video: Video recording for test case 'Test Cases/user/logout' .

12-02-2024T08:15:22 - [MESSAGE][INFO] - Video recording for test case 'Test Cases/user/logout' .]]></system-out>
         <system-err><![CDATA[]]></system-err>
      </testcase>
      <testcase name="Test Cases/user/logout" time="18.949" classname="Test Cases/user/logout" status="PASSED">
         <system-out><![CDATA[12-02-2024T08:15:22 - [TEST_CASE][PASSED] - Test Cases/user/logout: Test Cases/user/logout

12-02-2024T08:15:22 - [TEST_STEP][PASSED] - currentUser = new Users(username, password): auth.CryptoUtils.encrypt is PASSED

12-02-2024T08:15:22 - [MESSAGE][PASSED] - auth.CryptoUtils.encrypt is PASSED

12-02-2024T08:15:22 - [TEST_STEP][PASSED] - openBrowser(""): Browser is opened with url: ''

12-02-2024T08:15:22 - [MESSAGE][INFO] - Starting 'Chrome' driver

12-02-2024T08:15:22 - [MESSAGE][INFO] - Action delay is set to 0 milliseconds

12-02-2024T08:15:22 - [MESSAGE][PASSED] - Browser is opened with url: ''

12-02-2024T08:15:22 - [TEST_STEP][PASSED] - navigateToUrl(webURL): Navigate to 'https://advantageonlineshopping.com/#/' successfully

12-02-2024T08:15:25 - [MESSAGE][PASSED] - Navigate to 'https://advantageonlineshopping.com/#/' successfully

12-02-2024T08:15:25 - [TEST_STEP][PASSED] - users.Operations.Login(username, password): users.Operations.Login is PASSED

12-02-2024T08:15:29 - [MESSAGE][PASSED] - Delayed 4 second(s)

12-02-2024T08:15:29 - [MESSAGE][PASSED] - Object: 'Object Repository/Auth/Page_Advantage Shopping/svgmenuUser' is clicked on

12-02-2024T08:15:30 - [MESSAGE][PASSED] - Text 'adam_jones' is set on object 'Object Repository/Auth/Page_Advantage Shopping/input_username'

12-02-2024T08:15:31 - [MESSAGE][PASSED] - Text ****** has been set on object 'Object Repository/Auth/Page_Advantage Shopping/input_password'

12-02-2024T08:15:32 - [MESSAGE][PASSED] - Object: 'Object Repository/Auth/Page_Advantage Shopping/button_SIGN IN' is clicked on

12-02-2024T08:15:38 - [MESSAGE][PASSED] - Taking screenshot successfully
[[ATTACHMENT|/Users/airlanggafidiyanto/Documents/BRI/BFLP/hacktiv8-qa-final-project/web-testing/Reports/20240212_081237/User Operations/20240212_081238/1707700537370.png]]

12-02-2024T08:15:38 - [MESSAGE][WARNING] - Timeout '0' is invalid. Using default page load timeout: '30'

12-02-2024T08:15:38 - [MESSAGE][PASSED] - Object 'Object Repository/Auth/Page_Advantage Shopping/span_airlangga' is present

12-02-2024T08:15:38 - [MESSAGE][PASSED] - Text of object 'Object Repository/Auth/Page_Advantage Shopping/span_airlangga' is: 'adam_jones'

12-02-2024T08:15:38 - [MESSAGE][PASSED] - users.Operations.Login is PASSED

12-02-2024T08:15:38 - [TEST_STEP][PASSED] - users.Operations.Logout(): users.Operations.Logout is PASSED

12-02-2024T08:15:38 - [MESSAGE][PASSED] - Object: 'Object Repository/Auth/Page_Advantage Shopping/span_airlangga' is clicked on

12-02-2024T08:15:39 - [MESSAGE][PASSED] - Object: 'Object Repository/Auth/Page_Advantage Shopping/label_Sign out' is clicked on

12-02-2024T08:15:39 - [MESSAGE][PASSED] - users.Operations.Logout is PASSED

12-02-2024T08:15:39 - [TEST_STEP][PASSED] - closeBrowser(): Browser is closed

12-02-2024T08:15:39 - [MESSAGE][PASSED] - Browser is closed

12-02-2024T08:15:41 - [TEST_STEP][PASSED] - Video: Video recording for test case 'Test Cases/user/logout' .

12-02-2024T08:15:41 - [MESSAGE][INFO] - Video recording for test case 'Test Cases/user/logout' .]]></system-out>
         <system-err><![CDATA[]]></system-err>
      </testcase>
      <system-out><![CDATA[12-02-2024T08:12:46 - [TEST_SUITE][PASSED] - User Operations: Test Cases/user/logout]]></system-out>
      <system-err><![CDATA[]]></system-err>
   </testsuite>
</testsuites>
